# JRE version: Java(TM) SE Runtime Environment (8.0_25-b18) (build 1.8.0_25-b18)
# Java VM: Java HotSpot(TM) 64-Bit Server VM (25.25-b02 mixed mode windows-amd64 compressed oops)
Heap:
 PSYoungGen      total 293376K, used 219328K [0x00000000eab00000, 0x0000000100000000, 0x0000000100000000)
  eden space 247808K, 71% used [0x00000000eab00000,0x00000000f59191c0,0x00000000f9d00000)
  from space 45568K, 90% used [0x00000000fd280000,0x00000000ffa96fe8,0x00000000fff00000)
  to   space 50688K, 0% used [0x00000000f9d00000,0x00000000f9d00000,0x00000000fce80000)
 ParOldGen       total 176128K, used 82708K [0x00000000c0000000, 0x00000000cac00000, 0x00000000eab00000)
  object space 176128K, 46% used [0x00000000c0000000,0x00000000c50c51f0,0x00000000cac00000)
 Metaspace       used 85515K, capacity 91223K, committed 91520K, reserved 1126400K
  class space    used 11657K, capacity 13674K, committed 13696K, reserved 1048576K
GC Heap History (10 events):
Event: 58.237 GC heap before
{Heap before GC invocations=18 (full 3):
 PSYoungGen      total 205824K, used 205800K [0x00000000eab00000, 0x00000000fae00000, 0x0000000100000000)
  eden space 178176K, 100% used [0x00000000eab00000,0x00000000f5900000,0x00000000f5900000)
  from space 27648K, 99% used [0x00000000f7c80000,0x00000000f977a298,0x00000000f9780000)
  to   space 36352K, 0% used [0x00000000f5900000,0x00000000f5900000,0x00000000f7c80000)
 ParOldGen       total 112640K, used 52563K [0x00000000c0000000, 0x00000000c6e00000, 0x00000000eab00000)
  object space 112640K, 46% used [0x00000000c0000000,0x00000000c3354f38,0x00000000c6e00000)
 Metaspace       used 65438K, capacity 69643K, committed 69760K, reserved 1107968K
  class space    used 9068K, capacity 10583K, committed 10624K, reserved 1048576K
Event: 58.265 GC heap after
Heap after GC invocations=18 (full 3):
 PSYoungGen      total 214528K, used 36333K [0x00000000eab00000, 0x00000000fcf00000, 0x0000000100000000)
  eden space 178176K, 0% used [0x00000000eab00000,0x00000000eab00000,0x00000000f5900000)
  from space 36352K, 99% used [0x00000000f5900000,0x00000000f7c7b648,0x00000000f7c80000)
  to   space 44032K, 0% used [0x00000000fa400000,0x00000000fa400000,0x00000000fcf00000)
 ParOldGen       total 112640K, used 56852K [0x00000000c0000000, 0x00000000c6e00000, 0x00000000eab00000)
  object space 112640K, 50% used [0x00000000c0000000,0x00000000c37852c0,0x00000000c6e00000)
 Metaspace       used 65438K, capacity 69643K, committed 69760K, reserved 1107968K
  class space    used 9068K, capacity 10583K, committed 10624K, reserved 1048576K
}
Event: 58.272 GC heap before
{Heap before GC invocations=19 (full 3):
 PSYoungGen      total 214528K, used 40997K [0x00000000eab00000, 0x00000000fcf00000, 0x0000000100000000)
  eden space 178176K, 2% used [0x00000000eab00000,0x00000000eaf8de80,0x00000000f5900000)
  from space 36352K, 99% used [0x00000000f5900000,0x00000000f7c7b648,0x00000000f7c80000)
  to   space 44032K, 0% used [0x00000000fa400000,0x00000000fa400000,0x00000000fcf00000)
 ParOldGen       total 112640K, used 56852K [0x00000000c0000000, 0x00000000c6e00000, 0x00000000eab00000)
  object space 112640K, 50% used [0x00000000c0000000,0x00000000c37852c0,0x00000000c6e00000)
 Metaspace       used 65532K, capacity 69739K, committed 69760K, reserved 1107968K
  class space    used 9078K, capacity 10615K, committed 10624K, reserved 1048576K
Event: 58.296 GC heap after
Heap after GC invocations=19 (full 3):
 PSYoungGen      total 250880K, used 36403K [0x00000000eab00000, 0x0000000100000000, 0x0000000100000000)
  eden space 206848K, 0% used [0x00000000eab00000,0x00000000eab00000,0x00000000f7500000)
  from space 44032K, 82% used [0x00000000fa400000,0x00000000fc78cc30,0x00000000fcf00000)
  to   space 48128K, 0% used [0x00000000f7500000,0x00000000f7500000,0x00000000fa400000)
 ParOldGen       total 112640K, used 56860K [0x00000000c0000000, 0x00000000c6e00000, 0x00000000eab00000)
  object space 112640K, 50% used [0x00000000c0000000,0x00000000c37872c0,0x00000000c6e00000)
 Metaspace       used 65532K, capacity 69739K, committed 69760K, reserved 1107968K
  class space    used 9078K, capacity 10615K, committed 10624K, reserved 1048576K
}
Event: 58.296 GC heap before
{Heap before GC invocations=20 (full 4):
 PSYoungGen      total 250880K, used 36403K [0x00000000eab00000, 0x0000000100000000, 0x0000000100000000)
  eden space 206848K, 0% used [0x00000000eab00000,0x00000000eab00000,0x00000000f7500000)
  from space 44032K, 82% used [0x00000000fa400000,0x00000000fc78cc30,0x00000000fcf00000)
  to   space 48128K, 0% used [0x00000000f7500000,0x00000000f7500000,0x00000000fa400000)
 ParOldGen       total 112640K, used 56860K [0x00000000c0000000, 0x00000000c6e00000, 0x00000000eab00000)
  object space 112640K, 50% used [0x00000000c0000000,0x00000000c37872c0,0x00000000c6e00000)
 Metaspace       used 65532K, capacity 69739K, committed 69760K, reserved 1107968K
  class space    used 9078K, capacity 10615K, committed 10624K, reserved 1048576K
Event: 58.436 GC heap after
Heap after GC invocations=20 (full 4):
 PSYoungGen      total 250880K, used 0K [0x00000000eab00000, 0x0000000100000000, 0x0000000100000000)
  eden space 206848K, 0% used [0x00000000eab00000,0x00000000eab00000,0x00000000f7500000)
  from space 44032K, 0% used [0x00000000fa400000,0x00000000fa400000,0x00000000fcf00000)
  to   space 48128K, 0% used [0x00000000f7500000,0x00000000f7500000,0x00000000fa400000)
 ParOldGen       total 176128K, used 82692K [0x00000000c0000000, 0x00000000cac00000, 0x00000000eab00000)
  object space 176128K, 46% used [0x00000000c0000000,0x00000000c50c11f0,0x00000000cac00000)
 Metaspace       used 65465K, capacity 69511K, committed 69760K, reserved 1107968K
  class space    used 9062K, capacity 10547K, committed 10624K, reserved 1048576K
}
Event: 109.668 GC heap before
{Heap before GC invocations=21 (full 4):
 PSYoungGen      total 250880K, used 206848K [0x00000000eab00000, 0x0000000100000000, 0x0000000100000000)
  eden space 206848K, 100% used [0x00000000eab00000,0x00000000f7500000,0x00000000f7500000)
  from space 44032K, 0% used [0x00000000fa400000,0x00000000fa400000,0x00000000fcf00000)
  to   space 48128K, 0% used [0x00000000f7500000,0x00000000f7500000,0x00000000fa400000)
 ParOldGen       total 176128K, used 82692K [0x00000000c0000000, 0x00000000cac00000, 0x00000000eab00000)
  object space 176128K, 46% used [0x00000000c0000000,0x00000000c50c11f0,0x00000000cac00000)
 Metaspace       used 69946K, capacity 74702K, committed 75008K, reserved 1112064K
  class space    used 9781K, capacity 11458K, committed 11520K, reserved 1048576K
Event: 109.680 GC heap after
Heap after GC invocations=21 (full 4):
 PSYoungGen      total 254976K, used 19572K [0x00000000eab00000, 0x00000000fff00000, 0x0000000100000000)
  eden space 206848K, 0% used [0x00000000eab00000,0x00000000eab00000,0x00000000f7500000)
  from space 48128K, 40% used [0x00000000f7500000,0x00000000f881d3f8,0x00000000fa400000)
  to   space 45568K, 0% used [0x00000000fd280000,0x00000000fd280000,0x00000000fff00000)
 ParOldGen       total 176128K, used 82700K [0x00000000c0000000, 0x00000000cac00000, 0x00000000eab00000)
  object space 176128K, 46% used [0x00000000c0000000,0x00000000c50c31f0,0x00000000cac00000)
 Metaspace       used 69946K, capacity 74702K, committed 75008K, reserved 1112064K
  class space    used 9781K, capacity 11458K, committed 11520K, reserved 1048576K
}
Event: 111.901 GC heap before
{Heap before GC invocations=22 (full 4):
 PSYoungGen      total 254976K, used 226420K [0x00000000eab00000, 0x00000000fff00000, 0x0000000100000000)
  eden space 206848K, 100% used [0x00000000eab00000,0x00000000f7500000,0x00000000f7500000)
  from space 48128K, 40% used [0x00000000f7500000,0x00000000f881d3f8,0x00000000fa400000)
  to   space 45568K, 0% used [0x00000000fd280000,0x00000000fd280000,0x00000000fff00000)
 ParOldGen       total 176128K, used 82700K [0x00000000c0000000, 0x00000000cac00000, 0x00000000eab00000)
  object space 176128K, 46% used [0x00000000c0000000,0x00000000c50c31f0,0x00000000cac00000)
 Metaspace       used 77654K, capacity 83129K, committed 83328K, reserved 1120256K
  class space    used 10967K, capacity 12901K, committed 12928K, reserved 1048576K
Event: 111.928 GC heap after
Heap after GC invocations=22 (full 4):
 PSYoungGen      total 293376K, used 41051K [0x00000000eab00000, 0x0000000100000000, 0x0000000100000000)
  eden space 247808K, 0% used [0x00000000eab00000,0x00000000eab00000,0x00000000f9d00000)
  from space 45568K, 90% used [0x00000000fd280000,0x00000000ffa96fe8,0x00000000fff00000)
  to   space 50688K, 0% used [0x00000000f9d00000,0x00000000f9d00000,0x00000000fce80000)
 ParOldGen       total 176128K, used 82708K [0x00000000c0000000, 0x00000000cac00000, 0x00000000eab00000)
  object space 176128K, 46% used [0x00000000c0000000,0x00000000c50c51f0,0x00000000cac00000)
 Metaspace       used 77654K, capacity 83129K, committed 83328K, reserved 1120256K
  class space    used 10967K, capacity 12901K, committed 12928K, reserved 1048576K
}

